<?xml version="1.0" encoding="utf-8"?><testsuites name="pytest tests"><testsuite name="pytest" errors="3" failures="0" skipped="0" tests="3" time="0.391" timestamp="2025-09-20T09:30:14.111463+07:00" hostname="Hoang-23"><testcase classname="" name="tests.test_auth" time="0.000"><error message="collection failure">ImportError while importing test module 'C:\Users\Admin\Desktop\travel_auto_test\tests\test_auth.py'.
Hint: make sure your test modules/packages have valid Python names.
Traceback:
..\..\AppData\Local\Programs\Python\Python313\Lib\importlib\__init__.py:88: in import_module
    return _bootstrap._gcd_import(name[level:], package, level)
           ^^^^^^^^^^^^^^^^^^^^^^^^^^^^^^^^^^^^^^^^^^^^^^^^^^^^
tests\test_auth.py:9: in &lt;module&gt;
    from app import app
app.py:4: in &lt;module&gt;
    from flask import Flask, render_template
E   ModuleNotFoundError: No module named 'flask'</error></testcase><testcase classname="" name="tests.test_calculate_booking_price" time="0.000"><error message="collection failure">ImportError while importing test module 'C:\Users\Admin\Desktop\travel_auto_test\tests\test_calculate_booking_price.py'.
Hint: make sure your test modules/packages have valid Python names.
Traceback:
..\..\AppData\Local\Programs\Python\Python313\Lib\importlib\__init__.py:88: in import_module
    return _bootstrap._gcd_import(name[level:], package, level)
           ^^^^^^^^^^^^^^^^^^^^^^^^^^^^^^^^^^^^^^^^^^^^^^^^^^^^
tests\test_calculate_booking_price.py:5: in &lt;module&gt;
    from booking.routes import calculate_total_amount
booking\routes.py:2: in &lt;module&gt;
    from flask import Blueprint, render_template, request, redirect, url_for, flash, session
E   ModuleNotFoundError: No module named 'flask'</error></testcase><testcase classname="" name="tests.test_services" time="0.000"><error message="collection failure">ImportError while importing test module 'C:\Users\Admin\Desktop\travel_auto_test\tests\test_services.py'.
Hint: make sure your test modules/packages have valid Python names.
Traceback:
..\..\AppData\Local\Programs\Python\Python313\Lib\importlib\__init__.py:88: in import_module
    return _bootstrap._gcd_import(name[level:], package, level)
           ^^^^^^^^^^^^^^^^^^^^^^^^^^^^^^^^^^^^^^^^^^^^^^^^^^^^
tests\test_services.py:9: in &lt;module&gt;
    from app import app
app.py:4: in &lt;module&gt;
    from flask import Flask, render_template
E   ModuleNotFoundError: No module named 'flask'</error></testcase></testsuite></testsuites>